<?xml version="1.0" encoding="UTF-8"?>
<testsuite xmlns:xsi="http://www.w3.org/2001/XMLSchema-instance" xsi:noNamespaceSchemaLocation="https://maven.apache.org/surefire/maven-surefire-plugin/xsd/surefire-test-report-3.0.xsd" version="3.0" name="com.atm.AppTest" time="2.082" tests="29" errors="0" skipped="0" failures="0">
  <properties>
[...]
</properties>
  <testcase name="invalidLoginWrongPinTest" classname="com.atm.AppTest" time="1.771">
    <system-out><![CDATA[Hibernate: 
    delete 
    from
        transactions
Hibernate: 
    delete 
    from
        accounts
Hibernate: 
    delete 
    from
        atm_state
Hibernate: 
    insert 
    into
        accounts
        (balance, card_number, failedattempts, pin, account_id) 
    values
        (?, ?, ?, ?, ?)
Hibernate: 
    insert 
    into
        accounts
        (balance, card_number, failedattempts, pin, account_id) 
    values
        (?, ?, ?, ?, ?)
Hibernate: 
    insert 
    into
        atm_state
        (cash, firmware_version, ink, paper) 
    values
        (?, ?, ?, ?)
Hibernate: 
    select
        a1_0.account_id,
        a1_0.balance,
        a1_0.card_number,
        a1_0.failedattempts,
        a1_0.pin 
    from
        accounts a1_0 
    where
        a1_0.card_number=? 
        and a1_0.pin=?
]]></system-out>
    <system-err><![CDATA[Jan 28, 2026 12:59:13 AM org.hibernate.jpa.internal.util.LogHelper logPersistenceUnitInformation
INFO: HHH000204: Processing PersistenceUnitInfo [name: atmPU]
Jan 28, 2026 12:59:13 AM org.hibernate.Version logVersion
INFO: HHH000412: Hibernate ORM core version 6.4.4.Final
Jan 28, 2026 12:59:13 AM org.hibernate.cache.internal.RegionFactoryInitiator initiateService
INFO: HHH000026: Second-level cache disabled
Jan 28, 2026 12:59:13 AM org.hibernate.engine.jdbc.connections.internal.DriverManagerConnectionProviderImpl configure
WARN: HHH10001002: Using built-in connection pool (not intended for production use)
Jan 28, 2026 12:59:13 AM org.hibernate.engine.jdbc.connections.internal.DriverManagerConnectionProviderImpl buildCreator
INFO: HHH10001005: Loaded JDBC driver class: org.postgresql.Driver
Jan 28, 2026 12:59:13 AM org.hibernate.engine.jdbc.connections.internal.DriverManagerConnectionProviderImpl buildCreator
INFO: HHH10001012: Connecting with JDBC URL [jdbc:postgresql://localhost:5432/atm_db]
Jan 28, 2026 12:59:13 AM org.hibernate.engine.jdbc.connections.internal.DriverManagerConnectionProviderImpl buildCreator
INFO: HHH10001001: Connection properties: {password=****, user=postgres}
Jan 28, 2026 12:59:13 AM org.hibernate.engine.jdbc.connections.internal.DriverManagerConnectionProviderImpl buildCreator
INFO: HHH10001003: Autocommit mode: false
Jan 28, 2026 12:59:13 AM org.hibernate.engine.jdbc.connections.internal.DriverManagerConnectionProviderImpl$PooledConnections <init>
INFO: HHH10001115: Connection pool size: 20 (min=1)
Jan 28, 2026 12:59:13 AM org.hibernate.engine.jdbc.dialect.internal.DialectFactoryImpl constructDialect
WARN: HHH90000025: PostgreSQLDialect does not need to be specified explicitly using 'hibernate.dialect' (remove the property setting and it will be selected by default)
Jan 28, 2026 12:59:14 AM org.hibernate.engine.transaction.jta.platform.internal.JtaPlatformInitiator initiateService
INFO: HHH000489: No JTA platform available (set 'hibernate.transaction.jta.platform' to enable JTA platform integration)
Jan 28, 2026 12:59:14 AM org.hibernate.resource.transaction.backend.jdbc.internal.DdlTransactionIsolatorNonJtaImpl getIsolatedConnection
INFO: HHH10001501: Connection obtained from JdbcConnectionAccess [org.hibernate.engine.jdbc.env.internal.JdbcEnvironmentInitiator$ConnectionProviderJdbcConnectionAccess@6f6cc7da] for (non-JTA) DDL execution was not in auto-commit mode; the Connection 'local transaction' will be committed and the Connection will be set into auto-commit mode.
]]></system-err>
  </testcase>
  <testcase name="transferTestInvalidAmountZeroTest" classname="com.atm.AppTest" time="0.02">
    <system-out><![CDATA[Hibernate: 
    delete 
    from
        transactions
Hibernate: 
    delete 
    from
        accounts
Hibernate: 
    delete 
    from
        atm_state
Hibernate: 
    insert 
    into
        accounts
        (balance, card_number, failedattempts, pin, account_id) 
    values
        (?, ?, ?, ?, ?)
Hibernate: 
    insert 
    into
        accounts
        (balance, card_number, failedattempts, pin, account_id) 
    values
        (?, ?, ?, ?, ?)
Hibernate: 
    insert 
    into
        atm_state
        (cash, firmware_version, ink, paper) 
    values
        (?, ?, ?, ?)
Hibernate: 
    select
        a1_0.account_id,
        a1_0.balance,
        a1_0.card_number,
        a1_0.failedattempts,
        a1_0.pin 
    from
        accounts a1_0 
    where
        a1_0.card_number=? 
        and a1_0.pin=?
Invalid amount. Please enter a positive number.
]]></system-out>
  </testcase>
  <testcase name="addInvalidCashToATMTest" classname="com.atm.AppTest" time="0.014">
    <system-out><![CDATA[Hibernate: 
    delete 
    from
        transactions
Hibernate: 
    delete 
    from
        accounts
Hibernate: 
    delete 
    from
        atm_state
Hibernate: 
    insert 
    into
        accounts
        (balance, card_number, failedattempts, pin, account_id) 
    values
        (?, ?, ?, ?, ?)
Hibernate: 
    insert 
    into
        accounts
        (balance, card_number, failedattempts, pin, account_id) 
    values
        (?, ?, ?, ?, ?)
Hibernate: 
    insert 
    into
        atm_state
        (cash, firmware_version, ink, paper) 
    values
        (?, ?, ?, ?)
Hibernate: 
    select
        a1_0.id,
        a1_0.cash,
        a1_0.firmware_version,
        a1_0.ink,
        a1_0.paper 
    from
        atm_state a1_0
Invalid amount.
Hibernate: 
    select
        a1_0.id,
        a1_0.cash,
        a1_0.firmware_version,
        a1_0.ink,
        a1_0.paper 
    from
        atm_state a1_0
]]></system-out>
  </testcase>
  <testcase name="transferTestInvalidAmountNegativeTest" classname="com.atm.AppTest" time="0.007">
    <system-out><![CDATA[Hibernate: 
    delete 
    from
        transactions
Hibernate: 
    delete 
    from
        accounts
Hibernate: 
    delete 
    from
        atm_state
Hibernate: 
    insert 
    into
        accounts
        (balance, card_number, failedattempts, pin, account_id) 
    values
        (?, ?, ?, ?, ?)
Hibernate: 
    insert 
    into
        accounts
        (balance, card_number, failedattempts, pin, account_id) 
    values
        (?, ?, ?, ?, ?)
Hibernate: 
    insert 
    into
        atm_state
        (cash, firmware_version, ink, paper) 
    values
        (?, ?, ?, ?)
Hibernate: 
    select
        a1_0.account_id,
        a1_0.balance,
        a1_0.card_number,
        a1_0.failedattempts,
        a1_0.pin 
    from
        accounts a1_0 
    where
        a1_0.card_number=? 
        and a1_0.pin=?
Invalid amount. Please enter a positive number.
]]></system-out>
  </testcase>
  <testcase name="transferTestInsufficientBalanceTest" classname="com.atm.AppTest" time="0.021">
    <system-out><![CDATA[Hibernate: 
    delete 
    from
        transactions
Hibernate: 
    delete 
    from
        accounts
Hibernate: 
    delete 
    from
        atm_state
Hibernate: 
    insert 
    into
        accounts
        (balance, card_number, failedattempts, pin, account_id) 
    values
        (?, ?, ?, ?, ?)
Hibernate: 
    insert 
    into
        accounts
        (balance, card_number, failedattempts, pin, account_id) 
    values
        (?, ?, ?, ?, ?)
Hibernate: 
    insert 
    into
        atm_state
        (cash, firmware_version, ink, paper) 
    values
        (?, ?, ?, ?)
Hibernate: 
    select
        a1_0.account_id,
        a1_0.balance,
        a1_0.card_number,
        a1_0.failedattempts,
        a1_0.pin 
    from
        accounts a1_0 
    where
        a1_0.card_number=? 
        and a1_0.pin=?
Hibernate: 
    select
        a1_0.account_id,
        a1_0.balance,
        a1_0.card_number,
        a1_0.failedattempts,
        a1_0.pin 
    from
        accounts a1_0 
    where
        a1_0.account_id=?
Hibernate: 
    select
        a1_0.account_id,
        a1_0.balance,
        a1_0.card_number,
        a1_0.failedattempts,
        a1_0.pin 
    from
        accounts a1_0 
    where
        a1_0.card_number=?
Insufficient balance.
Hibernate: 
    select
        a1_0.account_id,
        a1_0.balance,
        a1_0.card_number,
        a1_0.failedattempts,
        a1_0.pin 
    from
        accounts a1_0 
    where
        a1_0.account_id=?
]]></system-out>
  </testcase>
  <testcase name="withdrawTestInvalidAmountNegativeTest" classname="com.atm.AppTest" time="0.007">
    <system-out><![CDATA[Hibernate: 
    delete 
    from
        transactions
Hibernate: 
    delete 
    from
        accounts
Hibernate: 
    delete 
    from
        atm_state
Hibernate: 
    insert 
    into
        accounts
        (balance, card_number, failedattempts, pin, account_id) 
    values
        (?, ?, ?, ?, ?)
Hibernate: 
    insert 
    into
        accounts
        (balance, card_number, failedattempts, pin, account_id) 
    values
        (?, ?, ?, ?, ?)
Hibernate: 
    insert 
    into
        atm_state
        (cash, firmware_version, ink, paper) 
    values
        (?, ?, ?, ?)
Hibernate: 
    select
        a1_0.account_id,
        a1_0.balance,
        a1_0.card_number,
        a1_0.failedattempts,
        a1_0.pin 
    from
        accounts a1_0 
    where
        a1_0.card_number=? 
        and a1_0.pin=?
Invalid amount. Please enter a positive number.
]]></system-out>
  </testcase>
  <testcase name="transferTestBalancesChange" classname="com.atm.AppTest" time="0.028">
    <system-out><![CDATA[Hibernate: 
    delete 
    from
        transactions
Hibernate: 
    delete 
    from
        accounts
Hibernate: 
    delete 
    from
        atm_state
Hibernate: 
    insert 
    into
        accounts
        (balance, card_number, failedattempts, pin, account_id) 
    values
        (?, ?, ?, ?, ?)
Hibernate: 
    insert 
    into
        accounts
        (balance, card_number, failedattempts, pin, account_id) 
    values
        (?, ?, ?, ?, ?)
Hibernate: 
    insert 
    into
        atm_state
        (cash, firmware_version, ink, paper) 
    values
        (?, ?, ?, ?)
Hibernate: 
    select
        a1_0.account_id,
        a1_0.balance,
        a1_0.card_number,
        a1_0.failedattempts,
        a1_0.pin 
    from
        accounts a1_0 
    where
        a1_0.card_number=? 
        and a1_0.pin=?
Hibernate: 
    select
        a1_0.account_id,
        a1_0.balance,
        a1_0.card_number,
        a1_0.failedattempts,
        a1_0.pin 
    from
        accounts a1_0 
    where
        a1_0.account_id=?
Hibernate: 
    select
        a1_0.account_id,
        a1_0.balance,
        a1_0.card_number,
        a1_0.failedattempts,
        a1_0.pin 
    from
        accounts a1_0 
    where
        a1_0.card_number=?
Hibernate: 
    insert 
    into
        transactions
        (account_id, amount, time, type) 
    values
        (?, ?, ?, ?)
Hibernate: 
    insert 
    into
        transactions
        (account_id, amount, time, type) 
    values
        (?, ?, ?, ?)
Hibernate: 
    update
        accounts 
    set
        balance=?,
        card_number=?,
        failedattempts=?,
        pin=? 
    where
        account_id=?
Hibernate: 
    update
        accounts 
    set
        balance=?,
        card_number=?,
        failedattempts=?,
        pin=? 
    where
        account_id=?
Transfer successful.
Hibernate: 
    select
        a1_0.account_id,
        a1_0.balance,
        a1_0.card_number,
        a1_0.failedattempts,
        a1_0.pin 
    from
        accounts a1_0 
    where
        a1_0.account_id=?
Hibernate: 
    select
        a1_0.account_id,
        a1_0.balance,
        a1_0.card_number,
        a1_0.failedattempts,
        a1_0.pin 
    from
        accounts a1_0 
    where
        a1_0.card_number=?
]]></system-out>
  </testcase>
  <testcase name="withdrawTestInsufficientBalanceTest" classname="com.atm.AppTest" time="0.006">
    <system-out><![CDATA[Hibernate: 
    delete 
    from
        transactions
Hibernate: 
    delete 
    from
        accounts
Hibernate: 
    delete 
    from
        atm_state
Hibernate: 
    insert 
    into
        accounts
        (balance, card_number, failedattempts, pin, account_id) 
    values
        (?, ?, ?, ?, ?)
Hibernate: 
    insert 
    into
        accounts
        (balance, card_number, failedattempts, pin, account_id) 
    values
        (?, ?, ?, ?, ?)
Hibernate: 
    insert 
    into
        atm_state
        (cash, firmware_version, ink, paper) 
    values
        (?, ?, ?, ?)
Hibernate: 
    select
        a1_0.account_id,
        a1_0.balance,
        a1_0.card_number,
        a1_0.failedattempts,
        a1_0.pin 
    from
        accounts a1_0 
    where
        a1_0.card_number=? 
        and a1_0.pin=?
Hibernate: 
    select
        a1_0.account_id,
        a1_0.balance,
        a1_0.card_number,
        a1_0.failedattempts,
        a1_0.pin 
    from
        accounts a1_0 
    where
        a1_0.account_id=?
Hibernate: 
    select
        a1_0.id,
        a1_0.cash,
        a1_0.firmware_version,
        a1_0.ink,
        a1_0.paper 
    from
        atm_state a1_0
Insufficient balance.
Hibernate: 
    select
        a1_0.account_id,
        a1_0.balance,
        a1_0.card_number,
        a1_0.failedattempts,
        a1_0.pin 
    from
        accounts a1_0 
    where
        a1_0.account_id=?
]]></system-out>
  </testcase>
  <testcase name="depositTestInvalidAmountNegativeTest" classname="com.atm.AppTest" time="0.003">
    <system-out><![CDATA[Hibernate: 
    delete 
    from
        transactions
Hibernate: 
    delete 
    from
        accounts
Hibernate: 
    delete 
    from
        atm_state
Hibernate: 
    insert 
    into
        accounts
        (balance, card_number, failedattempts, pin, account_id) 
    values
        (?, ?, ?, ?, ?)
Hibernate: 
    insert 
    into
        accounts
        (balance, card_number, failedattempts, pin, account_id) 
    values
        (?, ?, ?, ?, ?)
Hibernate: 
    insert 
    into
        atm_state
        (cash, firmware_version, ink, paper) 
    values
        (?, ?, ?, ?)
Hibernate: 
    select
        a1_0.account_id,
        a1_0.balance,
        a1_0.card_number,
        a1_0.failedattempts,
        a1_0.pin 
    from
        accounts a1_0 
    where
        a1_0.card_number=? 
        and a1_0.pin=?
Invalid amount. Please enter a positive number.
]]></system-out>
  </testcase>
  <testcase name="depositTestBalanceIncreases" classname="com.atm.AppTest" time="0.007">
    <system-out><![CDATA[Hibernate: 
    delete 
    from
        transactions
Hibernate: 
    delete 
    from
        accounts
Hibernate: 
    delete 
    from
        atm_state
Hibernate: 
    insert 
    into
        accounts
        (balance, card_number, failedattempts, pin, account_id) 
    values
        (?, ?, ?, ?, ?)
Hibernate: 
    insert 
    into
        accounts
        (balance, card_number, failedattempts, pin, account_id) 
    values
        (?, ?, ?, ?, ?)
Hibernate: 
    insert 
    into
        atm_state
        (cash, firmware_version, ink, paper) 
    values
        (?, ?, ?, ?)
Hibernate: 
    select
        a1_0.account_id,
        a1_0.balance,
        a1_0.card_number,
        a1_0.failedattempts,
        a1_0.pin 
    from
        accounts a1_0 
    where
        a1_0.card_number=? 
        and a1_0.pin=?
Hibernate: 
    select
        a1_0.account_id,
        a1_0.balance,
        a1_0.card_number,
        a1_0.failedattempts,
        a1_0.pin 
    from
        accounts a1_0 
    where
        a1_0.account_id=?
Hibernate: 
    select
        a1_0.id,
        a1_0.cash,
        a1_0.firmware_version,
        a1_0.ink,
        a1_0.paper 
    from
        atm_state a1_0
Hibernate: 
    insert 
    into
        transactions
        (account_id, amount, time, type) 
    values
        (?, ?, ?, ?)
Hibernate: 
    update
        accounts 
    set
        balance=?,
        card_number=?,
        failedattempts=?,
        pin=? 
    where
        account_id=?
Hibernate: 
    update
        atm_state 
    set
        cash=?,
        firmware_version=?,
        ink=?,
        paper=? 
    where
        id=?
Deposit successful.
Hibernate: 
    select
        a1_0.account_id,
        a1_0.balance,
        a1_0.card_number,
        a1_0.failedattempts,
        a1_0.pin 
    from
        accounts a1_0 
    where
        a1_0.account_id=?
]]></system-out>
  </testcase>
  <testcase name="refillPaperTest" classname="com.atm.AppTest" time="0.007">
    <system-out><![CDATA[Hibernate: 
    delete 
    from
        transactions
Hibernate: 
    delete 
    from
        accounts
Hibernate: 
    delete 
    from
        atm_state
Hibernate: 
    insert 
    into
        accounts
        (balance, card_number, failedattempts, pin, account_id) 
    values
        (?, ?, ?, ?, ?)
Hibernate: 
    insert 
    into
        accounts
        (balance, card_number, failedattempts, pin, account_id) 
    values
        (?, ?, ?, ?, ?)
Hibernate: 
    insert 
    into
        atm_state
        (cash, firmware_version, ink, paper) 
    values
        (?, ?, ?, ?)
Hibernate: 
    select
        a1_0.id,
        a1_0.cash,
        a1_0.firmware_version,
        a1_0.ink,
        a1_0.paper 
    from
        atm_state a1_0
Hibernate: 
    update
        atm_state 
    set
        cash=?,
        firmware_version=?,
        ink=?,
        paper=? 
    where
        id=?
Paper refilled by 10. Total: 30
Hibernate: 
    select
        a1_0.id,
        a1_0.cash,
        a1_0.firmware_version,
        a1_0.ink,
        a1_0.paper 
    from
        atm_state a1_0
]]></system-out>
  </testcase>
  <testcase name="balanceViewTest" classname="com.atm.AppTest" time="0.007">
    <system-out><![CDATA[Hibernate: 
    delete 
    from
        transactions
Hibernate: 
    delete 
    from
        accounts
Hibernate: 
    delete 
    from
        atm_state
Hibernate: 
    insert 
    into
        accounts
        (balance, card_number, failedattempts, pin, account_id) 
    values
        (?, ?, ?, ?, ?)
Hibernate: 
    insert 
    into
        accounts
        (balance, card_number, failedattempts, pin, account_id) 
    values
        (?, ?, ?, ?, ?)
Hibernate: 
    insert 
    into
        atm_state
        (cash, firmware_version, ink, paper) 
    values
        (?, ?, ?, ?)
Hibernate: 
    select
        a1_0.account_id,
        a1_0.balance,
        a1_0.card_number,
        a1_0.failedattempts,
        a1_0.pin 
    from
        accounts a1_0 
    where
        a1_0.card_number=? 
        and a1_0.pin=?
Hibernate: 
    select
        a1_0.account_id,
        a1_0.balance,
        a1_0.card_number,
        a1_0.failedattempts,
        a1_0.pin 
    from
        accounts a1_0 
    where
        a1_0.account_id=?
]]></system-out>
  </testcase>
  <testcase name="depositTestLargeAmountTest" classname="com.atm.AppTest" time="0.007">
    <system-out><![CDATA[Hibernate: 
    delete 
    from
        transactions
Hibernate: 
    delete 
    from
        accounts
Hibernate: 
    delete 
    from
        atm_state
Hibernate: 
    insert 
    into
        accounts
        (balance, card_number, failedattempts, pin, account_id) 
    values
        (?, ?, ?, ?, ?)
Hibernate: 
    insert 
    into
        accounts
        (balance, card_number, failedattempts, pin, account_id) 
    values
        (?, ?, ?, ?, ?)
Hibernate: 
    insert 
    into
        atm_state
        (cash, firmware_version, ink, paper) 
    values
        (?, ?, ?, ?)
Hibernate: 
    select
        a1_0.account_id,
        a1_0.balance,
        a1_0.card_number,
        a1_0.failedattempts,
        a1_0.pin 
    from
        accounts a1_0 
    where
        a1_0.card_number=? 
        and a1_0.pin=?
Hibernate: 
    select
        a1_0.account_id,
        a1_0.balance,
        a1_0.card_number,
        a1_0.failedattempts,
        a1_0.pin 
    from
        accounts a1_0 
    where
        a1_0.account_id=?
Hibernate: 
    select
        a1_0.id,
        a1_0.cash,
        a1_0.firmware_version,
        a1_0.ink,
        a1_0.paper 
    from
        atm_state a1_0
Hibernate: 
    insert 
    into
        transactions
        (account_id, amount, time, type) 
    values
        (?, ?, ?, ?)
Hibernate: 
    update
        accounts 
    set
        balance=?,
        card_number=?,
        failedattempts=?,
        pin=? 
    where
        account_id=?
Hibernate: 
    update
        atm_state 
    set
        cash=?,
        firmware_version=?,
        ink=?,
        paper=? 
    where
        id=?
Deposit successful.
Hibernate: 
    select
        a1_0.account_id,
        a1_0.balance,
        a1_0.card_number,
        a1_0.failedattempts,
        a1_0.pin 
    from
        accounts a1_0 
    where
        a1_0.account_id=?
]]></system-out>
  </testcase>
  <testcase name="withdrawTestOutOfInkTest" classname="com.atm.AppTest" time="0.015">
    <system-out><![CDATA[Hibernate: 
    delete 
    from
        transactions
Hibernate: 
    delete 
    from
        accounts
Hibernate: 
    delete 
    from
        atm_state
Hibernate: 
    insert 
    into
        accounts
        (balance, card_number, failedattempts, pin, account_id) 
    values
        (?, ?, ?, ?, ?)
Hibernate: 
    insert 
    into
        accounts
        (balance, card_number, failedattempts, pin, account_id) 
    values
        (?, ?, ?, ?, ?)
Hibernate: 
    insert 
    into
        atm_state
        (cash, firmware_version, ink, paper) 
    values
        (?, ?, ?, ?)
Hibernate: 
    select
        a1_0.id,
        a1_0.cash,
        a1_0.firmware_version,
        a1_0.ink,
        a1_0.paper 
    from
        atm_state a1_0
Hibernate: 
    select
        a1_0.id,
        a1_0.cash,
        a1_0.firmware_version,
        a1_0.ink,
        a1_0.paper 
    from
        atm_state a1_0 
    where
        a1_0.id=?
Hibernate: 
    update
        atm_state 
    set
        cash=?,
        firmware_version=?,
        ink=?,
        paper=? 
    where
        id=?
Hibernate: 
    select
        a1_0.account_id,
        a1_0.balance,
        a1_0.card_number,
        a1_0.failedattempts,
        a1_0.pin 
    from
        accounts a1_0 
    where
        a1_0.card_number=? 
        and a1_0.pin=?
Hibernate: 
    select
        a1_0.account_id,
        a1_0.balance,
        a1_0.card_number,
        a1_0.failedattempts,
        a1_0.pin 
    from
        accounts a1_0 
    where
        a1_0.account_id=?
Hibernate: 
    select
        a1_0.id,
        a1_0.cash,
        a1_0.firmware_version,
        a1_0.ink,
        a1_0.paper 
    from
        atm_state a1_0
ATM is out of ink.
Hibernate: 
    select
        a1_0.account_id,
        a1_0.balance,
        a1_0.card_number,
        a1_0.failedattempts,
        a1_0.pin 
    from
        accounts a1_0 
    where
        a1_0.account_id=?
]]></system-out>
  </testcase>
  <testcase name="withdrawTestInvalidAmountZeroTest" classname="com.atm.AppTest" time="0.006">
    <system-out><![CDATA[Hibernate: 
    delete 
    from
        transactions
Hibernate: 
    delete 
    from
        accounts
Hibernate: 
    delete 
    from
        atm_state
Hibernate: 
    insert 
    into
        accounts
        (balance, card_number, failedattempts, pin, account_id) 
    values
        (?, ?, ?, ?, ?)
Hibernate: 
    insert 
    into
        accounts
        (balance, card_number, failedattempts, pin, account_id) 
    values
        (?, ?, ?, ?, ?)
Hibernate: 
    insert 
    into
        atm_state
        (cash, firmware_version, ink, paper) 
    values
        (?, ?, ?, ?)
Hibernate: 
    select
        a1_0.account_id,
        a1_0.balance,
        a1_0.card_number,
        a1_0.failedattempts,
        a1_0.pin 
    from
        accounts a1_0 
    where
        a1_0.card_number=? 
        and a1_0.pin=?
Invalid amount. Please enter a positive number.
]]></system-out>
  </testcase>
  <testcase name="transferTestMultipleTransfersTest" classname="com.atm.AppTest" time="0.022">
    <system-out><![CDATA[Hibernate: 
    delete 
    from
        transactions
Hibernate: 
    delete 
    from
        accounts
Hibernate: 
    delete 
    from
        atm_state
Hibernate: 
    insert 
    into
        accounts
        (balance, card_number, failedattempts, pin, account_id) 
    values
        (?, ?, ?, ?, ?)
Hibernate: 
    insert 
    into
        accounts
        (balance, card_number, failedattempts, pin, account_id) 
    values
        (?, ?, ?, ?, ?)
Hibernate: 
    insert 
    into
        atm_state
        (cash, firmware_version, ink, paper) 
    values
        (?, ?, ?, ?)
Hibernate: 
    select
        a1_0.account_id,
        a1_0.balance,
        a1_0.card_number,
        a1_0.failedattempts,
        a1_0.pin 
    from
        accounts a1_0 
    where
        a1_0.card_number=? 
        and a1_0.pin=?
Hibernate: 
    select
        a1_0.account_id,
        a1_0.balance,
        a1_0.card_number,
        a1_0.failedattempts,
        a1_0.pin 
    from
        accounts a1_0 
    where
        a1_0.account_id=?
Hibernate: 
    select
        a1_0.account_id,
        a1_0.balance,
        a1_0.card_number,
        a1_0.failedattempts,
        a1_0.pin 
    from
        accounts a1_0 
    where
        a1_0.card_number=?
Hibernate: 
    insert 
    into
        transactions
        (account_id, amount, time, type) 
    values
        (?, ?, ?, ?)
Hibernate: 
    insert 
    into
        transactions
        (account_id, amount, time, type) 
    values
        (?, ?, ?, ?)
Hibernate: 
    update
        accounts 
    set
        balance=?,
        card_number=?,
        failedattempts=?,
        pin=? 
    where
        account_id=?
Hibernate: 
    update
        accounts 
    set
        balance=?,
        card_number=?,
        failedattempts=?,
        pin=? 
    where
        account_id=?
Transfer successful.
Hibernate: 
    select
        a1_0.account_id,
        a1_0.balance,
        a1_0.card_number,
        a1_0.failedattempts,
        a1_0.pin 
    from
        accounts a1_0 
    where
        a1_0.account_id=?
Hibernate: 
    select
        a1_0.account_id,
        a1_0.balance,
        a1_0.card_number,
        a1_0.failedattempts,
        a1_0.pin 
    from
        accounts a1_0 
    where
        a1_0.card_number=?
Hibernate: 
    insert 
    into
        transactions
        (account_id, amount, time, type) 
    values
        (?, ?, ?, ?)
Hibernate: 
    insert 
    into
        transactions
        (account_id, amount, time, type) 
    values
        (?, ?, ?, ?)
Hibernate: 
    update
        accounts 
    set
        balance=?,
        card_number=?,
        failedattempts=?,
        pin=? 
    where
        account_id=?
Hibernate: 
    update
        accounts 
    set
        balance=?,
        card_number=?,
        failedattempts=?,
        pin=? 
    where
        account_id=?
Transfer successful.
Hibernate: 
    select
        a1_0.account_id,
        a1_0.balance,
        a1_0.card_number,
        a1_0.failedattempts,
        a1_0.pin 
    from
        accounts a1_0 
    where
        a1_0.account_id=?
Hibernate: 
    select
        a1_0.account_id,
        a1_0.balance,
        a1_0.card_number,
        a1_0.failedattempts,
        a1_0.pin 
    from
        accounts a1_0 
    where
        a1_0.card_number=?
]]></system-out>
  </testcase>
  <testcase name="depositTestInvalidAmountZeroTest" classname="com.atm.AppTest" time="0.007">
    <system-out><![CDATA[Hibernate: 
    delete 
    from
        transactions
Hibernate: 
    delete 
    from
        accounts
Hibernate: 
    delete 
    from
        atm_state
Hibernate: 
    insert 
    into
        accounts
        (balance, card_number, failedattempts, pin, account_id) 
    values
        (?, ?, ?, ?, ?)
Hibernate: 
    insert 
    into
        accounts
        (balance, card_number, failedattempts, pin, account_id) 
    values
        (?, ?, ?, ?, ?)
Hibernate: 
    insert 
    into
        atm_state
        (cash, firmware_version, ink, paper) 
    values
        (?, ?, ?, ?)
Hibernate: 
    select
        a1_0.account_id,
        a1_0.balance,
        a1_0.card_number,
        a1_0.failedattempts,
        a1_0.pin 
    from
        accounts a1_0 
    where
        a1_0.card_number=? 
        and a1_0.pin=?
Invalid amount. Please enter a positive number.
]]></system-out>
  </testcase>
  <testcase name="updateFirmwareTest" classname="com.atm.AppTest" time="0.007">
    <system-out><![CDATA[Hibernate: 
    delete 
    from
        transactions
Hibernate: 
    delete 
    from
        accounts
Hibernate: 
    delete 
    from
        atm_state
Hibernate: 
    insert 
    into
        accounts
        (balance, card_number, failedattempts, pin, account_id) 
    values
        (?, ?, ?, ?, ?)
Hibernate: 
    insert 
    into
        accounts
        (balance, card_number, failedattempts, pin, account_id) 
    values
        (?, ?, ?, ?, ?)
Hibernate: 
    insert 
    into
        atm_state
        (cash, firmware_version, ink, paper) 
    values
        (?, ?, ?, ?)
Hibernate: 
    select
        a1_0.id,
        a1_0.cash,
        a1_0.firmware_version,
        a1_0.ink,
        a1_0.paper 
    from
        atm_state a1_0
Hibernate: 
    update
        atm_state 
    set
        cash=?,
        firmware_version=?,
        ink=?,
        paper=? 
    where
        id=?
Firmware updated to: v2.0
Hibernate: 
    select
        a1_0.id,
        a1_0.cash,
        a1_0.firmware_version,
        a1_0.ink,
        a1_0.paper 
    from
        atm_state a1_0
]]></system-out>
  </testcase>
  <testcase name="technicianViewOnlyATMStatusTest" classname="com.atm.AppTest" time="0.007">
    <system-out><![CDATA[Hibernate: 
    delete 
    from
        transactions
Hibernate: 
    delete 
    from
        accounts
Hibernate: 
    delete 
    from
        atm_state
Hibernate: 
    insert 
    into
        accounts
        (balance, card_number, failedattempts, pin, account_id) 
    values
        (?, ?, ?, ?, ?)
Hibernate: 
    insert 
    into
        accounts
        (balance, card_number, failedattempts, pin, account_id) 
    values
        (?, ?, ?, ?, ?)
Hibernate: 
    insert 
    into
        atm_state
        (cash, firmware_version, ink, paper) 
    values
        (?, ?, ?, ?)
Hibernate: 
    select
        a1_0.id,
        a1_0.cash,
        a1_0.firmware_version,
        a1_0.ink,
        a1_0.paper 
    from
        atm_state a1_0
Hibernate: 
    select
        a1_0.id,
        a1_0.cash,
        a1_0.firmware_version,
        a1_0.ink,
        a1_0.paper 
    from
        atm_state a1_0
]]></system-out>
  </testcase>
  <testcase name="addCashToATMTest" classname="com.atm.AppTest" time="0.007">
    <system-out><![CDATA[Hibernate: 
    delete 
    from
        transactions
Hibernate: 
    delete 
    from
        accounts
Hibernate: 
    delete 
    from
        atm_state
Hibernate: 
    insert 
    into
        accounts
        (balance, card_number, failedattempts, pin, account_id) 
    values
        (?, ?, ?, ?, ?)
Hibernate: 
    insert 
    into
        accounts
        (balance, card_number, failedattempts, pin, account_id) 
    values
        (?, ?, ?, ?, ?)
Hibernate: 
    insert 
    into
        atm_state
        (cash, firmware_version, ink, paper) 
    values
        (?, ?, ?, ?)
Hibernate: 
    select
        a1_0.id,
        a1_0.cash,
        a1_0.firmware_version,
        a1_0.ink,
        a1_0.paper 
    from
        atm_state a1_0
Hibernate: 
    update
        atm_state 
    set
        cash=?,
        firmware_version=?,
        ink=?,
        paper=? 
    where
        id=?
$5000.00 added to ATM. Total cash: $15000.00
Hibernate: 
    select
        a1_0.id,
        a1_0.cash,
        a1_0.firmware_version,
        a1_0.ink,
        a1_0.paper 
    from
        atm_state a1_0
]]></system-out>
  </testcase>
  <testcase name="withdrawTestInsufficientATMCashTest" classname="com.atm.AppTest" time="0.012">
    <system-out><![CDATA[Hibernate: 
    delete 
    from
        transactions
Hibernate: 
    delete 
    from
        accounts
Hibernate: 
    delete 
    from
        atm_state
Hibernate: 
    insert 
    into
        accounts
        (balance, card_number, failedattempts, pin, account_id) 
    values
        (?, ?, ?, ?, ?)
Hibernate: 
    insert 
    into
        accounts
        (balance, card_number, failedattempts, pin, account_id) 
    values
        (?, ?, ?, ?, ?)
Hibernate: 
    insert 
    into
        atm_state
        (cash, firmware_version, ink, paper) 
    values
        (?, ?, ?, ?)
Hibernate: 
    select
        a1_0.id,
        a1_0.cash,
        a1_0.firmware_version,
        a1_0.ink,
        a1_0.paper 
    from
        atm_state a1_0
Hibernate: 
    update
        atm_state 
    set
        cash=?,
        firmware_version=?,
        ink=?,
        paper=? 
    where
        id=?
Collected $10000.00 from ATM. Remaining: $0.00
Hibernate: 
    select
        a1_0.account_id,
        a1_0.balance,
        a1_0.card_number,
        a1_0.failedattempts,
        a1_0.pin 
    from
        accounts a1_0 
    where
        a1_0.card_number=? 
        and a1_0.pin=?
Hibernate: 
    select
        a1_0.account_id,
        a1_0.balance,
        a1_0.card_number,
        a1_0.failedattempts,
        a1_0.pin 
    from
        accounts a1_0 
    where
        a1_0.account_id=?
Hibernate: 
    select
        a1_0.id,
        a1_0.cash,
        a1_0.firmware_version,
        a1_0.ink,
        a1_0.paper 
    from
        atm_state a1_0
ATM has insufficient cash.
Hibernate: 
    select
        a1_0.account_id,
        a1_0.balance,
        a1_0.card_number,
        a1_0.failedattempts,
        a1_0.pin 
    from
        accounts a1_0 
    where
        a1_0.account_id=?
]]></system-out>
  </testcase>
  <testcase name="refillInkTest" classname="com.atm.AppTest" time="0.007">
    <system-out><![CDATA[Hibernate: 
    delete 
    from
        transactions
Hibernate: 
    delete 
    from
        accounts
Hibernate: 
    delete 
    from
        atm_state
Hibernate: 
    insert 
    into
        accounts
        (balance, card_number, failedattempts, pin, account_id) 
    values
        (?, ?, ?, ?, ?)
Hibernate: 
    insert 
    into
        accounts
        (balance, card_number, failedattempts, pin, account_id) 
    values
        (?, ?, ?, ?, ?)
Hibernate: 
    insert 
    into
        atm_state
        (cash, firmware_version, ink, paper) 
    values
        (?, ?, ?, ?)
Hibernate: 
    select
        a1_0.id,
        a1_0.cash,
        a1_0.firmware_version,
        a1_0.ink,
        a1_0.paper 
    from
        atm_state a1_0
Hibernate: 
    update
        atm_state 
    set
        cash=?,
        firmware_version=?,
        ink=?,
        paper=? 
    where
        id=?
Ink refilled by 15. Total: 35
Hibernate: 
    select
        a1_0.id,
        a1_0.cash,
        a1_0.firmware_version,
        a1_0.ink,
        a1_0.paper 
    from
        atm_state a1_0
]]></system-out>
  </testcase>
  <testcase name="invalidLoginWrongCardTest" classname="com.atm.AppTest" time="0.007">
    <system-out><![CDATA[Hibernate: 
    delete 
    from
        transactions
Hibernate: 
    delete 
    from
        accounts
Hibernate: 
    delete 
    from
        atm_state
Hibernate: 
    insert 
    into
        accounts
        (balance, card_number, failedattempts, pin, account_id) 
    values
        (?, ?, ?, ?, ?)
Hibernate: 
    insert 
    into
        accounts
        (balance, card_number, failedattempts, pin, account_id) 
    values
        (?, ?, ?, ?, ?)
Hibernate: 
    insert 
    into
        atm_state
        (cash, firmware_version, ink, paper) 
    values
        (?, ?, ?, ?)
Hibernate: 
    select
        a1_0.account_id,
        a1_0.balance,
        a1_0.card_number,
        a1_0.failedattempts,
        a1_0.pin 
    from
        accounts a1_0 
    where
        a1_0.card_number=? 
        and a1_0.pin=?
]]></system-out>
  </testcase>
  <testcase name="withdrawTestBalanceDecreases" classname="com.atm.AppTest" time="0.007">
    <system-out><![CDATA[Hibernate: 
    delete 
    from
        transactions
Hibernate: 
    delete 
    from
        accounts
Hibernate: 
    delete 
    from
        atm_state
Hibernate: 
    insert 
    into
        accounts
        (balance, card_number, failedattempts, pin, account_id) 
    values
        (?, ?, ?, ?, ?)
Hibernate: 
    insert 
    into
        accounts
        (balance, card_number, failedattempts, pin, account_id) 
    values
        (?, ?, ?, ?, ?)
Hibernate: 
    insert 
    into
        atm_state
        (cash, firmware_version, ink, paper) 
    values
        (?, ?, ?, ?)
Hibernate: 
    select
        a1_0.account_id,
        a1_0.balance,
        a1_0.card_number,
        a1_0.failedattempts,
        a1_0.pin 
    from
        accounts a1_0 
    where
        a1_0.card_number=? 
        and a1_0.pin=?
Hibernate: 
    select
        a1_0.account_id,
        a1_0.balance,
        a1_0.card_number,
        a1_0.failedattempts,
        a1_0.pin 
    from
        accounts a1_0 
    where
        a1_0.account_id=?
Hibernate: 
    select
        a1_0.id,
        a1_0.cash,
        a1_0.firmware_version,
        a1_0.ink,
        a1_0.paper 
    from
        atm_state a1_0
Hibernate: 
    insert 
    into
        transactions
        (account_id, amount, time, type) 
    values
        (?, ?, ?, ?)
Hibernate: 
    update
        accounts 
    set
        balance=?,
        card_number=?,
        failedattempts=?,
        pin=? 
    where
        account_id=?
Hibernate: 
    update
        atm_state 
    set
        cash=?,
        firmware_version=?,
        ink=?,
        paper=? 
    where
        id=?
Withdrawal successful.
Hibernate: 
    select
        a1_0.account_id,
        a1_0.balance,
        a1_0.card_number,
        a1_0.failedattempts,
        a1_0.pin 
    from
        accounts a1_0 
    where
        a1_0.account_id=?
]]></system-out>
  </testcase>
  <testcase name="transferTestInvalidReceiverTest" classname="com.atm.AppTest" time="0.007">
    <system-out><![CDATA[Hibernate: 
    delete 
    from
        transactions
Hibernate: 
    delete 
    from
        accounts
Hibernate: 
    delete 
    from
        atm_state
Hibernate: 
    insert 
    into
        accounts
        (balance, card_number, failedattempts, pin, account_id) 
    values
        (?, ?, ?, ?, ?)
Hibernate: 
    insert 
    into
        accounts
        (balance, card_number, failedattempts, pin, account_id) 
    values
        (?, ?, ?, ?, ?)
Hibernate: 
    insert 
    into
        atm_state
        (cash, firmware_version, ink, paper) 
    values
        (?, ?, ?, ?)
Hibernate: 
    select
        a1_0.account_id,
        a1_0.balance,
        a1_0.card_number,
        a1_0.failedattempts,
        a1_0.pin 
    from
        accounts a1_0 
    where
        a1_0.card_number=? 
        and a1_0.pin=?
Hibernate: 
    select
        a1_0.account_id,
        a1_0.balance,
        a1_0.card_number,
        a1_0.failedattempts,
        a1_0.pin 
    from
        accounts a1_0 
    where
        a1_0.account_id=?
Hibernate: 
    select
        a1_0.account_id,
        a1_0.balance,
        a1_0.card_number,
        a1_0.failedattempts,
        a1_0.pin 
    from
        accounts a1_0 
    where
        a1_0.card_number=?
Target account not found.
Hibernate: 
    select
        a1_0.account_id,
        a1_0.balance,
        a1_0.card_number,
        a1_0.failedattempts,
        a1_0.pin 
    from
        accounts a1_0 
    where
        a1_0.account_id=?
]]></system-out>
  </testcase>
  <testcase name="atmStatusAfterMultipleOperationsTest" classname="com.atm.AppTest" time="0.014">
    <system-out><![CDATA[Hibernate: 
    delete 
    from
        transactions
Hibernate: 
    delete 
    from
        accounts
Hibernate: 
    delete 
    from
        atm_state
Hibernate: 
    insert 
    into
        accounts
        (balance, card_number, failedattempts, pin, account_id) 
    values
        (?, ?, ?, ?, ?)
Hibernate: 
    insert 
    into
        accounts
        (balance, card_number, failedattempts, pin, account_id) 
    values
        (?, ?, ?, ?, ?)
Hibernate: 
    insert 
    into
        atm_state
        (cash, firmware_version, ink, paper) 
    values
        (?, ?, ?, ?)
Hibernate: 
    select
        a1_0.id,
        a1_0.cash,
        a1_0.firmware_version,
        a1_0.ink,
        a1_0.paper 
    from
        atm_state a1_0
Hibernate: 
    select
        a1_0.account_id,
        a1_0.balance,
        a1_0.card_number,
        a1_0.failedattempts,
        a1_0.pin 
    from
        accounts a1_0 
    where
        a1_0.card_number=? 
        and a1_0.pin=?
Hibernate: 
    select
        a1_0.account_id,
        a1_0.balance,
        a1_0.card_number,
        a1_0.failedattempts,
        a1_0.pin 
    from
        accounts a1_0 
    where
        a1_0.account_id=?
Hibernate: 
    select
        a1_0.id,
        a1_0.cash,
        a1_0.firmware_version,
        a1_0.ink,
        a1_0.paper 
    from
        atm_state a1_0
Hibernate: 
    insert 
    into
        transactions
        (account_id, amount, time, type) 
    values
        (?, ?, ?, ?)
Hibernate: 
    update
        accounts 
    set
        balance=?,
        card_number=?,
        failedattempts=?,
        pin=? 
    where
        account_id=?
Hibernate: 
    update
        atm_state 
    set
        cash=?,
        firmware_version=?,
        ink=?,
        paper=? 
    where
        id=?
Withdrawal successful.
Hibernate: 
    select
        a1_0.account_id,
        a1_0.balance,
        a1_0.card_number,
        a1_0.failedattempts,
        a1_0.pin 
    from
        accounts a1_0 
    where
        a1_0.account_id=?
Hibernate: 
    select
        a1_0.id,
        a1_0.cash,
        a1_0.firmware_version,
        a1_0.ink,
        a1_0.paper 
    from
        atm_state a1_0
Hibernate: 
    insert 
    into
        transactions
        (account_id, amount, time, type) 
    values
        (?, ?, ?, ?)
Hibernate: 
    update
        accounts 
    set
        balance=?,
        card_number=?,
        failedattempts=?,
        pin=? 
    where
        account_id=?
Hibernate: 
    update
        atm_state 
    set
        cash=?,
        firmware_version=?,
        ink=?,
        paper=? 
    where
        id=?
Deposit successful.
Hibernate: 
    select
        a1_0.id,
        a1_0.cash,
        a1_0.firmware_version,
        a1_0.ink,
        a1_0.paper 
    from
        atm_state a1_0
Hibernate: 
    update
        atm_state 
    set
        cash=?,
        firmware_version=?,
        ink=?,
        paper=? 
    where
        id=?
Paper refilled by 5. Total: 25
Hibernate: 
    select
        a1_0.id,
        a1_0.cash,
        a1_0.firmware_version,
        a1_0.ink,
        a1_0.paper 
    from
        atm_state a1_0
Hibernate: 
    update
        atm_state 
    set
        cash=?,
        firmware_version=?,
        ink=?,
        paper=? 
    where
        id=?
$1000.00 added to ATM. Total cash: $11100.00
Hibernate: 
    select
        a1_0.id,
        a1_0.cash,
        a1_0.firmware_version,
        a1_0.ink,
        a1_0.paper 
    from
        atm_state a1_0
Hibernate: 
    select
        a1_0.account_id,
        a1_0.balance,
        a1_0.card_number,
        a1_0.failedattempts,
        a1_0.pin 
    from
        accounts a1_0 
    where
        a1_0.account_id=?
]]></system-out>
  </testcase>
  <testcase name="customerLoginTest" classname="com.atm.AppTest" time="0.007">
    <system-out><![CDATA[Hibernate: 
    delete 
    from
        transactions
Hibernate: 
    delete 
    from
        accounts
Hibernate: 
    delete 
    from
        atm_state
Hibernate: 
    insert 
    into
        accounts
        (balance, card_number, failedattempts, pin, account_id) 
    values
        (?, ?, ?, ?, ?)
Hibernate: 
    insert 
    into
        accounts
        (balance, card_number, failedattempts, pin, account_id) 
    values
        (?, ?, ?, ?, ?)
Hibernate: 
    insert 
    into
        atm_state
        (cash, firmware_version, ink, paper) 
    values
        (?, ?, ?, ?)
Hibernate: 
    select
        a1_0.account_id,
        a1_0.balance,
        a1_0.card_number,
        a1_0.failedattempts,
        a1_0.pin 
    from
        accounts a1_0 
    where
        a1_0.card_number=? 
        and a1_0.pin=?
]]></system-out>
  </testcase>
  <testcase name="withdrawTestOutOfPaperTest" classname="com.atm.AppTest" time="0.007">
    <system-out><![CDATA[Hibernate: 
    delete 
    from
        transactions
Hibernate: 
    delete 
    from
        accounts
Hibernate: 
    delete 
    from
        atm_state
Hibernate: 
    insert 
    into
        accounts
        (balance, card_number, failedattempts, pin, account_id) 
    values
        (?, ?, ?, ?, ?)
Hibernate: 
    insert 
    into
        accounts
        (balance, card_number, failedattempts, pin, account_id) 
    values
        (?, ?, ?, ?, ?)
Hibernate: 
    insert 
    into
        atm_state
        (cash, firmware_version, ink, paper) 
    values
        (?, ?, ?, ?)
Hibernate: 
    select
        a1_0.id,
        a1_0.cash,
        a1_0.firmware_version,
        a1_0.ink,
        a1_0.paper 
    from
        atm_state a1_0
Hibernate: 
    select
        a1_0.id,
        a1_0.cash,
        a1_0.firmware_version,
        a1_0.ink,
        a1_0.paper 
    from
        atm_state a1_0 
    where
        a1_0.id=?
Hibernate: 
    update
        atm_state 
    set
        cash=?,
        firmware_version=?,
        ink=?,
        paper=? 
    where
        id=?
Hibernate: 
    select
        a1_0.account_id,
        a1_0.balance,
        a1_0.card_number,
        a1_0.failedattempts,
        a1_0.pin 
    from
        accounts a1_0 
    where
        a1_0.card_number=? 
        and a1_0.pin=?
Hibernate: 
    select
        a1_0.account_id,
        a1_0.balance,
        a1_0.card_number,
        a1_0.failedattempts,
        a1_0.pin 
    from
        accounts a1_0 
    where
        a1_0.account_id=?
Hibernate: 
    select
        a1_0.id,
        a1_0.cash,
        a1_0.firmware_version,
        a1_0.ink,
        a1_0.paper 
    from
        atm_state a1_0
ATM is out of paper.
Hibernate: 
    select
        a1_0.account_id,
        a1_0.balance,
        a1_0.card_number,
        a1_0.failedattempts,
        a1_0.pin 
    from
        accounts a1_0 
    where
        a1_0.account_id=?
]]></system-out>
  </testcase>
  <testcase name="collectAllCashTest" classname="com.atm.AppTest" time="0.007">
    <system-out><![CDATA[Hibernate: 
    delete 
    from
        transactions
Hibernate: 
    delete 
    from
        accounts
Hibernate: 
    delete 
    from
        atm_state
Hibernate: 
    insert 
    into
        accounts
        (balance, card_number, failedattempts, pin, account_id) 
    values
        (?, ?, ?, ?, ?)
Hibernate: 
    insert 
    into
        accounts
        (balance, card_number, failedattempts, pin, account_id) 
    values
        (?, ?, ?, ?, ?)
Hibernate: 
    insert 
    into
        atm_state
        (cash, firmware_version, ink, paper) 
    values
        (?, ?, ?, ?)
Hibernate: 
    select
        a1_0.id,
        a1_0.cash,
        a1_0.firmware_version,
        a1_0.ink,
        a1_0.paper 
    from
        atm_state a1_0
Hibernate: 
    update
        atm_state 
    set
        cash=?,
        firmware_version=?,
        ink=?,
        paper=? 
    where
        id=?
Collected $10000.00 from ATM. Remaining: $0.00
Hibernate: 
    select
        a1_0.id,
        a1_0.cash,
        a1_0.firmware_version,
        a1_0.ink,
        a1_0.paper 
    from
        atm_state a1_0
]]></system-out>
  </testcase>
</testsuite>